   Compiling memchr v2.8.2
   Compiling simd-adler32 v0.3.9
   Compiling cubecl-common v0.10.0
   Compiling itertools v0.14.0
   Compiling cubecl-runtime v0.10.0
   Compiling num-rational v0.4.2
   Compiling cubecl v0.10.0
   Compiling cubecl-cuda v0.10.0
   Compiling time v0.3.51
   Compiling uuid v1.23.4
   Compiling aligned-vec v0.6.4
   Compiling miniz_oxide v0.8.9
   Compiling num v0.4.3
   Compiling aho-corasick v1.1.4
   Compiling serde_json v1.0.150
   Compiling nom v8.0.0
   Compiling object v0.37.3
   Compiling csv-core v0.1.13
   Compiling flate2 v1.1.9
   Compiling csv v1.4.0
   Compiling text_placeholder v0.5.1
   Compiling regex-automata v0.4.14
   Compiling unicode-truncate v2.0.1
   Compiling ratatui-core v0.1.2
   Compiling tracing-appender v0.2.5
   Compiling ratatui-widgets v0.3.2
   Compiling ratatui-crossterm v0.1.2
   Compiling tynm v0.2.0
   Compiling backtrace v0.3.76
   Compiling regex v1.12.4
   Compiling ratatui-macros v0.7.2
   Compiling ratatui v0.30.2
   Compiling sanitize-filename v0.6.0
   Compiling burn-dataset v0.21.0
   Compiling cubecl-ir v0.10.0
   Compiling cubecl-core v0.10.0
   Compiling cubecl-opt v0.10.0
   Compiling cubecl-std v0.10.0
   Compiling cubecl-cpp v0.10.0
   Compiling burn-std v0.21.0
   Compiling cubek-std v0.2.0
   Compiling cubek-random v0.2.0
   Compiling cubek-fft v0.2.0
   Compiling cubek-quant v0.2.0
   Compiling burn-backend v0.21.0
   Compiling burn-tensor v0.21.0
   Compiling burn-ir v0.21.0
   Compiling burn-autodiff v0.21.0
   Compiling cubek-matmul v0.2.0
   Compiling cubek-reduce v0.2.0
   Compiling burn-core v0.21.0
   Compiling burn-optim v0.21.0
   Compiling burn-nn v0.21.0
   Compiling burn-flex v0.21.0
   Compiling cubek-attention v0.2.0
   Compiling cubek-convolution v0.2.0
   Compiling cubek v0.2.0
   Compiling burn-cubecl v0.21.0
   Compiling burn-cuda v0.21.0
   Compiling burn-train v0.21.0
   Compiling burn v0.21.0
   Compiling busel-burn v0.1.0 (/home/sehaxe/busel-ai/burn_migration)
    Finished `release` profile [optimized] target(s) in 7m 11s
     Running `target/release/busel-burn chizh-9m --bs 8 --cs 1024 --steps 50000`
[busel-burn] tui-full requires a terminal — running without TUI
