   Compiling busel-burn v0.1.0 (/home/sehaxe/busel-ai/burn_migration)
warning: function `col_norm_fused` is never used
  --> src/cube/mod.rs:20:8
   |
20 | pub fn col_norm_fused<B: burn::tensor::backend::Backend, const D: usize>(
   |        ^^^^^^^^^^^^^^
   |
   = note: `#[warn(dead_code)]` (part of `#[warn(unused)]`) on by default

warning: `busel-burn` (bin "busel-burn") generated 1 warning
    Finished `release` profile [optimized] target(s) in 4m 09s
     Running `target/release/busel-burn vorobey --bs 256 --cs 256 --steps 2594 --clip 1.0`
[busel-burn] tui-full requires a terminal — running without TUI
[tr] step 1/2594 loss 10.8750000000 lr 0.0000232558
[tr] step 2/2594 loss 10.8750000000 lr 0.0000465116
[tr] step 3/2594 loss 10.8750000000 lr 0.0000697674
[tr] step 4/2594 loss 10.8750000000 lr 0.0000930233
[tr] step 5/2594 loss 10.8750000000 lr 0.0001162791
[tr] step 6/2594 loss 10.8750000000 lr 0.0001395349
[tr] step 7/2594 loss 10.8750000000 lr 0.0001627907
[tr] step 8/2594 loss 10.8750000000 lr 0.0001860465
[tr] step 9/2594 loss 10.8750000000 lr 0.0002093023
[tr] step 10/2594 loss 10.8750000000 lr 0.0002325581
[tr] step 11/2594 loss 10.8750000000 lr 0.0002558140
[tr] step 12/2594 loss 10.8750000000 lr 0.0002790698
[tr] step 13/2594 loss 10.8750000000 lr 0.0003023256
[tr] step 14/2594 loss 10.8750000000 lr 0.0003255814
[tr] step 15/2594 loss 10.8750000000 lr 0.0003488372
[tr] step 16/2594 loss 10.8750000000 lr 0.0003720930
[tr] step 17/2594 loss 10.8750000000 lr 0.0003953488
[tr] step 18/2594 loss 10.8750000000 lr 0.0004186047
[tr] step 19/2594 loss 10.8750000000 lr 0.0004418605
[tr] step 20/2594 loss 10.8750000000 lr 0.0004651163
[tr] step 21/2594 loss 10.8750000000 lr 0.0004883721
[tr] step 22/2594 loss 10.8750000000 lr 0.0005116279
[tr] step 23/2594 loss 10.8750000000 lr 0.0005348837
[tr] step 24/2594 loss 10.8750000000 lr 0.0005581395
[tr] step 25/2594 loss 10.8750000000 lr 0.0005813953
[tr] step 26/2594 loss 10.8750000000 lr 0.0006046512
[tr] step 27/2594 loss 10.8750000000 lr 0.0006279070
[tr] step 28/2594 loss 10.8750000000 lr 0.0006511628
[tr] step 29/2594 loss 10.8125000000 lr 0.0006744186
[tr] step 30/2594 loss 10.8750000000 lr 0.0006976744
[tr] step 31/2594 loss 10.8750000000 lr 0.0007209302
[tr] step 32/2594 loss 10.8750000000 lr 0.0007441860
[tr] step 33/2594 loss 10.8750000000 lr 0.0007674419
[tr] step 34/2594 loss 10.8750000000 lr 0.0007906977
[tr] step 35/2594 loss 10.8750000000 lr 0.0008139535
[tr] step 36/2594 loss 10.8750000000 lr 0.0008372093
[tr] step 37/2594 loss 10.8750000000 lr 0.0008604651
[tr] step 38/2594 loss 10.8125000000 lr 0.0008837209
[tr] step 39/2594 loss 10.8125000000 lr 0.0009069767
[tr] step 40/2594 loss 10.8750000000 lr 0.0009302326
[tr] step 41/2594 loss 10.8125000000 lr 0.0009534884
[tr] step 42/2594 loss 10.8125000000 lr 0.0009767442
[tr] step 43/2594 loss 10.8125000000 lr 0.0010000000
[tr] step 44/2594 loss 10.8125000000 lr 0.0010232558
[tr] step 45/2594 loss 10.8125000000 lr 0.0010465116
[tr] step 46/2594 loss 10.8125000000 lr 0.0010697674
[tr] step 47/2594 loss 10.8750000000 lr 0.0010930233
[tr] step 48/2594 loss 10.8125000000 lr 0.0011162791
[tr] step 49/2594 loss 10.8125000000 lr 0.0011395349
[tr] step 50/2594 loss 10.6875000000 lr 0.0011627907
[tr] step 51/2594 loss 10.6875000000 lr 0.0011860465
[tr] step 52/2594 loss 10.6875000000 lr 0.0012093023
[tr] step 53/2594 loss 10.6250000000 lr 0.0012325581
[tr] step 54/2594 loss 10.6875000000 lr 0.0012558140
[tr] step 55/2594 loss 10.5625000000 lr 0.0012790698
[tr] step 56/2594 loss 10.6250000000 lr 0.0013023256
[tr] step 57/2594 loss 10.6250000000 lr 0.0013255814
[tr] step 58/2594 loss 10.5625000000 lr 0.0013488372
[tr] step 59/2594 loss 10.5625000000 lr 0.0013720930
[tr] step 60/2594 loss 10.5000000000 lr 0.0013953488
[tr] step 61/2594 loss 10.5625000000 lr 0.0014186047
[tr] step 62/2594 loss 10.5625000000 lr 0.0014418605
[tr] step 63/2594 loss 10.5000000000 lr 0.0014651163
[tr] step 64/2594 loss 10.5000000000 lr 0.0014883721
[tr] step 65/2594 loss 10.4375000000 lr 0.0015116279
[tr] step 66/2594 loss 10.6875000000 lr 0.0015348837
[tr] step 67/2594 loss 10.4375000000 lr 0.0015581395
[tr] step 68/2594 loss 10.5625000000 lr 0.0015813953
[tr] step 69/2594 loss 10.6875000000 lr 0.0016046512
[tr] step 70/2594 loss 10.4375000000 lr 0.0016279070
[tr] step 71/2594 loss 10.6875000000 lr 0.0016511628
[tr] step 72/2594 loss 10.5000000000 lr 0.0016744186
[tr] step 73/2594 loss 10.4375000000 lr 0.0016976744
[tr] step 74/2594 loss 10.4375000000 lr 0.0017209302
[tr] step 75/2594 loss 10.4375000000 lr 0.0017441860
[tr] step 76/2594 loss 10.4375000000 lr 0.0017674419
[tr] step 77/2594 loss 10.3750000000 lr 0.0017906977
[tr] step 78/2594 loss 10.4375000000 lr 0.0018139535
[tr] step 79/2594 loss 10.4375000000 lr 0.0018372093
[tr] step 80/2594 loss 10.4375000000 lr 0.0018604651
[tr] step 81/2594 loss 10.4375000000 lr 0.0018837209
[tr] step 82/2594 loss 10.4375000000 lr 0.0019069767
[tr] step 83/2594 loss 10.6250000000 lr 0.0019302326
[tr] step 84/2594 loss 10.4375000000 lr 0.0019534884
[tr] step 85/2594 loss 10.5000000000 lr 0.0019767442
[tr] step 86/2594 loss 10.4375000000 lr 0.0020000000
[tr] step 87/2594 loss 10.4375000000 lr 0.0020232558
[tr] step 88/2594 loss 10.4375000000 lr 0.0020465116
[tr] step 89/2594 loss 10.6250000000 lr 0.0020697674
[tr] step 90/2594 loss 10.6875000000 lr 0.0020930233
[tr] step 91/2594 loss 10.6250000000 lr 0.0021162791
[tr] step 92/2594 loss 10.6250000000 lr 0.0021395349
[tr] step 93/2594 loss 10.5625000000 lr 0.0021627907
[tr] step 94/2594 loss 10.5625000000 lr 0.0021860465
[tr] step 95/2594 loss 10.6875000000 lr 0.0022093023
[tr] step 96/2594 loss 10.5000000000 lr 0.0022325581
[tr] step 97/2594 loss 10.5000000000 lr 0.0022558140
[tr] step 98/2594 loss 10.5000000000 lr 0.0022790698
[tr] step 99/2594 loss 10.4375000000 lr 0.0023023256
[tm] step 100 avg 82.3ms/step
[tr] step 100/2594 loss 10.4375000000 lr 0.0023255814
[tr] step 101/2594 loss 10.4375000000 lr 0.0023488372
[tr] step 102/2594 loss 10.3750000000 lr 0.0023720930
[tr] step 103/2594 loss 10.4375000000 lr 0.0023953488
[tr] step 104/2594 loss 10.4375000000 lr 0.0024186047
[tr] step 105/2594 loss 10.6875000000 lr 0.0024418605
[tr] step 106/2594 loss 10.4375000000 lr 0.0024651163
[tr] step 107/2594 loss 10.3750000000 lr 0.0024883721
[tr] step 108/2594 loss 10.5625000000 lr 0.0025116279
[tr] step 109/2594 loss 10.4375000000 lr 0.0025348837
[tr] step 110/2594 loss 10.4375000000 lr 0.0025581395
[tr] step 111/2594 loss 10.4375000000 lr 0.0025813953
[tr] step 112/2594 loss 10.3750000000 lr 0.0026046512
[tr] step 113/2594 loss 10.4375000000 lr 0.0026279070
[tr] step 114/2594 loss 10.4375000000 lr 0.0026511628
[tr] step 115/2594 loss 10.4375000000 lr 0.0026744186
[tr] step 116/2594 loss 10.3750000000 lr 0.0026976744
[tr] step 117/2594 loss 10.3750000000 lr 0.0027209302
[tr] step 118/2594 loss 10.4375000000 lr 0.0027441860
[tr] step 119/2594 loss 10.6250000000 lr 0.0027674419
[tr] step 120/2594 loss 10.3750000000 lr 0.0027906977
[tr] step 121/2594 loss 10.3750000000 lr 0.0028139535
[tr] step 122/2594 loss 10.3750000000 lr 0.0028372093
[tr] step 123/2594 loss 10.3750000000 lr 0.0028604651
[tr] step 124/2594 loss 10.3125000000 lr 0.0028837209
[tr] step 125/2594 loss 10.3750000000 lr 0.0029069767
[tr] step 126/2594 loss 10.3125000000 lr 0.0029302326
[tr] step 127/2594 loss 10.5000000000 lr 0.0029534884
[tr] step 128/2594 loss 10.3125000000 lr 0.0029767442
[tr] step 129/2594 loss 10.2500000000 lr 0.0030000000
[tr] step 130/2594 loss 10.5625000000 lr 0.0030000000
[tr] step 131/2594 loss 10.2500000000 lr 0.0030000000
[tr] step 132/2594 loss 10.3125000000 lr 0.0030000000
[tr] step 133/2594 loss 10.3125000000 lr 0.0030000000
[tr] step 134/2594 loss 10.3125000000 lr 0.0030000000
[tr] step 135/2594 loss 10.3125000000 lr 0.0030000000
[tr] step 136/2594 loss 10.4375000000 lr 0.0030000000
[tr] step 137/2594 loss 10.2500000000 lr 0.0030000000
[tr] step 138/2594 loss 10.3125000000 lr 0.0030000000
[tr] step 139/2594 loss 10.3125000000 lr 0.0030000000
[tr] step 140/2594 loss 10.2500000000 lr 0.0030000000
[tr] step 141/2594 loss 10.3125000000 lr 0.0030000000
[tr] step 142/2594 loss 10.2500000000 lr 0.0030000000
[tr] step 143/2594 loss 10.2500000000 lr 0.0030000000
[tr] step 144/2594 loss 10.2500000000 lr 0.0030000000
[tr] step 145/2594 loss 10.2500000000 lr 0.0030000000
[tr] step 146/2594 loss 10.2500000000 lr 0.0030000000
[tr] step 147/2594 loss 10.2500000000 lr 0.0030000000
[tr] step 148/2594 loss 10.2500000000 lr 0.0030000000
[tr] step 149/2594 loss 10.2500000000 lr 0.0030000000
[tr] step 150/2594 loss 10.1250000000 lr 0.0030000000
[tr] step 151/2594 loss 10.2500000000 lr 0.0030000000
[tr] step 152/2594 loss 10.5625000000 lr 0.0030000000
[tr] step 153/2594 loss 10.1250000000 lr 0.0030000000
[tr] step 154/2594 loss 10.1875000000 lr 0.0030000000
[tr] step 155/2594 loss 10.1250000000 lr 0.0030000000
[tr] step 156/2594 loss 10.1875000000 lr 0.0030000000
[tr] step 157/2594 loss 10.1250000000 lr 0.0030000000
[tr] step 158/2594 loss 10.1250000000 lr 0.0030000000
[tr] step 159/2594 loss 10.1875000000 lr 0.0030000000
[tr] step 160/2594 loss 10.2500000000 lr 0.0030000000
[tr] step 161/2594 loss 10.1250000000 lr 0.0030000000
[tr] step 162/2594 loss 10.1875000000 lr 0.0030000000
[tr] step 163/2594 loss 10.2500000000 lr 0.0030000000
[tr] step 164/2594 loss 10.1875000000 lr 0.0030000000
[tr] step 165/2594 loss 10.0000000000 lr 0.0030000000
[tr] step 166/2594 loss 10.1250000000 lr 0.0030000000
[tr] step 167/2594 loss 10.1250000000 lr 0.0030000000
[tr] step 168/2594 loss 10.3750000000 lr 0.0030000000
[tr] step 169/2594 loss 10.1250000000 lr 0.0030000000
[tr] step 170/2594 loss 10.1875000000 lr 0.0030000000
[tr] step 171/2594 loss 10.1250000000 lr 0.0030000000
[tr] step 172/2594 loss 10.2500000000 lr 0.0030000000
[tr] step 173/2594 loss 10.1250000000 lr 0.0030000000
[tr] step 174/2594 loss 10.1250000000 lr 0.0030000000
[tr] step 175/2594 loss 10.1250000000 lr 0.0030000000
[tr] step 176/2594 loss 10.3750000000 lr 0.0030000000
[tr] step 177/2594 loss 10.1250000000 lr 0.0030000000
[tr] step 178/2594 loss 10.1250000000 lr 0.0030000000
[tr] step 179/2594 loss 10.0000000000 lr 0.0030000000
[tr] step 180/2594 loss 10.1250000000 lr 0.0030000000
[tr] step 181/2594 loss 10.2500000000 lr 0.0030000000
[tr] step 182/2594 loss 10.0000000000 lr 0.0030000000
[tr] step 183/2594 loss 10.0000000000 lr 0.0030000000
[tr] step 184/2594 loss 10.1250000000 lr 0.0030000000
[tr] step 185/2594 loss 10.0000000000 lr 0.0030000000
[tr] step 186/2594 loss 10.0000000000 lr 0.0030000000
[tr] step 187/2594 loss 10.0000000000 lr 0.0030000000
[tr] step 188/2594 loss 10.2500000000 lr 0.0030000000
[tr] step 189/2594 loss 10.0000000000 lr 0.0030000000
[tr] step 190/2594 loss 10.0000000000 lr 0.0030000000
[tr] step 191/2594 loss 10.0000000000 lr 0.0030000000
[tr] step 192/2594 loss 10.1875000000 lr 0.0030000000
[tr] step 193/2594 loss 10.2500000000 lr 0.0030000000
[tr] step 194/2594 loss 10.0000000000 lr 0.0030000000
[tr] step 195/2594 loss 9.9375000000 lr 0.0030000000
[tr] step 196/2594 loss 10.1250000000 lr 0.0030000000
[tr] step 197/2594 loss 10.1250000000 lr 0.0030000000
[tr] step 198/2594 loss 9.9375000000 lr 0.0030000000
[tr] step 199/2594 loss 9.9375000000 lr 0.0030000000
[tm] step 200 avg 86.6ms/step
[tr] step 200/2594 loss 9.9375000000 lr 0.0030000000
[tr] step 201/2594 loss 9.9375000000 lr 0.0030000000
[tr] step 202/2594 loss 9.9375000000 lr 0.0030000000
[tr] step 203/2594 loss 10.0625000000 lr 0.0030000000
[tr] step 204/2594 loss 10.0000000000 lr 0.0030000000
[tr] step 205/2594 loss 9.9375000000 lr 0.0030000000
[tr] step 206/2594 loss 9.8750000000 lr 0.0030000000
[tr] step 207/2594 loss 9.9375000000 lr 0.0030000000
[tr] step 208/2594 loss 9.8750000000 lr 0.0030000000
[tr] step 209/2594 loss 10.0000000000 lr 0.0030000000
[tr] step 210/2594 loss 9.9375000000 lr 0.0030000000
[tr] step 211/2594 loss 9.9375000000 lr 0.0030000000
[tr] step 212/2594 loss 9.8750000000 lr 0.0030000000
[tr] step 213/2594 loss 9.8750000000 lr 0.0030000000
[tr] step 214/2594 loss 9.8750000000 lr 0.0030000000
[tr] step 215/2594 loss 9.8750000000 lr 0.0030000000
[tr] step 216/2594 loss 10.0000000000 lr 0.0030000000
[tr] step 217/2594 loss 10.0625000000 lr 0.0030000000
[tr] step 218/2594 loss 10.0000000000 lr 0.0030000000
[tr] step 219/2594 loss 10.0625000000 lr 0.0030000000
[tr] step 220/2594 loss 9.8125000000 lr 0.0030000000
[tr] step 221/2594 loss 9.8125000000 lr 0.0030000000
[tr] step 222/2594 loss 9.8125000000 lr 0.0030000000
[tr] step 223/2594 loss 9.9375000000 lr 0.0030000000
[tr] step 224/2594 loss 10.0625000000 lr 0.0030000000
[tr] step 225/2594 loss 9.8125000000 lr 0.0030000000
[tr] step 226/2594 loss 9.7500000000 lr 0.0030000000
[tr] step 227/2594 loss 9.8125000000 lr 0.0030000000
[tr] step 228/2594 loss 10.1250000000 lr 0.0030000000
[tr] step 229/2594 loss 9.9375000000 lr 0.0030000000
[tr] step 230/2594 loss 10.0625000000 lr 0.0030000000
[tr] step 231/2594 loss 10.0000000000 lr 0.0030000000
[tr] step 232/2594 loss 9.8750000000 lr 0.0030000000
[tr] step 233/2594 loss 9.8125000000 lr 0.0030000000
[tr] step 234/2594 loss 9.8750000000 lr 0.0030000000
[tr] step 235/2594 loss 9.7500000000 lr 0.0030000000
[tr] step 236/2594 loss 9.8125000000 lr 0.0030000000
[tr] step 237/2594 loss 9.8125000000 lr 0.0030000000
[tr] step 238/2594 loss 9.7500000000 lr 0.0030000000
[tr] step 239/2594 loss 9.6875000000 lr 0.0030000000
[tr] step 240/2594 loss 9.6875000000 lr 0.0030000000
[tr] step 241/2594 loss 9.7500000000 lr 0.0030000000
[tr] step 242/2594 loss 9.7500000000 lr 0.0030000000
[tr] step 243/2594 loss 9.6875000000 lr 0.0030000000
[tr] step 244/2594 loss 9.6875000000 lr 0.0030000000
[tr] step 245/2594 loss 9.6875000000 lr 0.0030000000
[tr] step 246/2594 loss 9.8125000000 lr 0.0030000000
[tr] step 247/2594 loss 9.6875000000 lr 0.0030000000
[tr] step 248/2594 loss 9.6875000000 lr 0.0030000000
[tr] step 249/2594 loss 9.6875000000 lr 0.0030000000
[tr] step 250/2594 loss 9.6875000000 lr 0.0030000000
[tr] step 251/2594 loss 9.6875000000 lr 0.0030000000
[tr] step 252/2594 loss 9.5625000000 lr 0.0030000000
[tr] step 253/2594 loss 9.6250000000 lr 0.0030000000
[tr] step 254/2594 loss 9.5625000000 lr 0.0030000000
[tr] step 255/2594 loss 9.5625000000 lr 0.0030000000
[tr] step 256/2594 loss 9.8125000000 lr 0.0030000000
[tr] step 257/2594 loss 9.6250000000 lr 0.0030000000
[tr] step 258/2594 loss 9.5625000000 lr 0.0030000000
[tr] step 259/2594 loss 9.6875000000 lr 0.0030000000
[tr] step 260/2594 loss 10.1250000000 lr 0.0030000000
[tr] step 261/2594 loss 9.5625000000 lr 0.0030000000
[tr] step 262/2594 loss 9.5625000000 lr 0.0030000000
[tr] step 263/2594 loss 9.6250000000 lr 0.0030000000
[tr] step 264/2594 loss 9.5625000000 lr 0.0030000000
[tr] step 265/2594 loss 9.6250000000 lr 0.0030000000
[tr] step 266/2594 loss 9.5625000000 lr 0.0030000000
[tr] step 267/2594 loss 9.7500000000 lr 0.0030000000
[tr] step 268/2594 loss 9.5625000000 lr 0.0030000000
[tr] step 269/2594 loss 9.6875000000 lr 0.0030000000
[tr] step 270/2594 loss 9.5625000000 lr 0.0030000000
[tr] step 271/2594 loss 9.5625000000 lr 0.0030000000
[tr] step 272/2594 loss 9.5625000000 lr 0.0030000000
[tr] step 273/2594 loss 9.7500000000 lr 0.0030000000
[tr] step 274/2594 loss 9.6875000000 lr 0.0030000000
[tr] step 275/2594 loss 9.5000000000 lr 0.0030000000
[tr] step 276/2594 loss 9.6875000000 lr 0.0030000000
[tr] step 277/2594 loss 9.5000000000 lr 0.0030000000
[tr] step 278/2594 loss 9.4375000000 lr 0.0030000000
[tr] step 279/2594 loss 10.2500000000 lr 0.0030000000
[tr] step 280/2594 loss 9.5000000000 lr 0.0030000000
[tr] step 281/2594 loss 9.5000000000 lr 0.0030000000
[tr] step 282/2594 loss 9.5000000000 lr 0.0030000000
[tr] step 283/2594 loss 9.6250000000 lr 0.0030000000
[tr] step 284/2594 loss 9.5000000000 lr 0.0030000000
[tr] step 285/2594 loss 9.5625000000 lr 0.0030000000
[tr] step 286/2594 loss 9.6875000000 lr 0.0030000000
[tr] step 287/2594 loss 9.4375000000 lr 0.0030000000
[tr] step 288/2594 loss 9.5000000000 lr 0.0030000000
[tr] step 289/2594 loss 9.4375000000 lr 0.0030000000
[tr] step 290/2594 loss 9.5000000000 lr 0.0030000000
[tr] step 291/2594 loss 9.8750000000 lr 0.0030000000
[tr] step 292/2594 loss 9.8125000000 lr 0.0030000000
[tr] step 293/2594 loss 9.5000000000 lr 0.0030000000
[tr] step 294/2594 loss 9.4375000000 lr 0.0030000000
[tr] step 295/2594 loss 9.4375000000 lr 0.0030000000
[tr] step 296/2594 loss 9.4375000000 lr 0.0030000000
[tr] step 297/2594 loss 9.4375000000 lr 0.0030000000
[tr] step 298/2594 loss 9.3750000000 lr 0.0030000000
[tr] step 299/2594 loss 9.4375000000 lr 0.0030000000
[tm] step 300 avg 108.2ms/step
[tr] step 300/2594 loss 9.6250000000 lr 0.0030000000
[tr] step 301/2594 loss 9.3750000000 lr 0.0030000000
[tr] step 302/2594 loss 9.6875000000 lr 0.0030000000
[tr] step 303/2594 loss 9.5000000000 lr 0.0030000000
[tr] step 304/2594 loss 9.4375000000 lr 0.0030000000
[tr] step 305/2594 loss 9.4375000000 lr 0.0030000000
[tr] step 306/2594 loss 9.6250000000 lr 0.0030000000
[tr] step 307/2594 loss 9.4375000000 lr 0.0030000000
[tr] step 308/2594 loss 9.4375000000 lr 0.0030000000
[tr] step 309/2594 loss 9.4375000000 lr 0.0030000000
[tr] step 310/2594 loss 9.4375000000 lr 0.0030000000
[tr] step 311/2594 loss 9.3750000000 lr 0.0030000000
[tr] step 312/2594 loss 9.3750000000 lr 0.0030000000
[tr] step 313/2594 loss 9.5625000000 lr 0.0030000000
[tr] step 314/2594 loss 9.4375000000 lr 0.0030000000
[tr] step 315/2594 loss 9.3750000000 lr 0.0030000000
[tr] step 316/2594 loss 9.3750000000 lr 0.0030000000
[tr] step 317/2594 loss 9.3750000000 lr 0.0030000000
[tr] step 318/2594 loss 9.3750000000 lr 0.0030000000
[tr] step 319/2594 loss 9.3750000000 lr 0.0030000000
[tr] step 320/2594 loss 9.1875000000 lr 0.0030000000
[tr] step 321/2594 loss 9.6250000000 lr 0.0030000000
[tr] step 322/2594 loss 9.4375000000 lr 0.0030000000
[tr] step 323/2594 loss 9.3125000000 lr 0.0030000000
[tr] step 324/2594 loss 9.3125000000 lr 0.0030000000
[tr] step 325/2594 loss 9.3125000000 lr 0.0030000000
[tr] step 326/2594 loss 9.2500000000 lr 0.0030000000
[tr] step 327/2594 loss 9.3125000000 lr 0.0030000000
[tr] step 328/2594 loss 9.3750000000 lr 0.0030000000
[tr] step 329/2594 loss 9.2500000000 lr 0.0030000000
[tr] step 330/2594 loss 9.1875000000 lr 0.0030000000
[tr] step 331/2594 loss 9.1875000000 lr 0.0030000000
[tr] step 332/2594 loss 9.3125000000 lr 0.0030000000
[tr] step 333/2594 loss 9.3125000000 lr 0.0030000000
[tr] step 334/2594 loss 9.0625000000 lr 0.0030000000
[tr] step 335/2594 loss 9.5000000000 lr 0.0030000000
[tr] step 336/2594 loss 9.3750000000 lr 0.0030000000
[tr] step 337/2594 loss 9.3125000000 lr 0.0030000000
[tr] step 338/2594 loss 9.5000000000 lr 0.0030000000
[tr] step 339/2594 loss 9.5625000000 lr 0.0030000000
[tr] step 340/2594 loss 9.3125000000 lr 0.0030000000
[tr] step 341/2594 loss 9.3125000000 lr 0.0030000000
[tr] step 342/2594 loss 9.3125000000 lr 0.0030000000
[tr] step 343/2594 loss 9.3125000000 lr 0.0030000000
[tr] step 344/2594 loss 9.1250000000 lr 0.0030000000
[tr] step 345/2594 loss 9.3750000000 lr 0.0030000000
[tr] step 346/2594 loss 9.3125000000 lr 0.0030000000
[tr] step 347/2594 loss 9.2500000000 lr 0.0030000000
[tr] step 348/2594 loss 9.2500000000 lr 0.0030000000
[tr] step 349/2594 loss 9.3750000000 lr 0.0030000000
[tr] step 350/2594 loss 9.1875000000 lr 0.0030000000
[tr] step 351/2594 loss 9.3125000000 lr 0.0030000000
[tr] step 352/2594 loss 9.2500000000 lr 0.0030000000
[tr] step 353/2594 loss 9.2500000000 lr 0.0030000000
[tr] step 354/2594 loss 9.2500000000 lr 0.0030000000
[tr] step 355/2594 loss 9.2500000000 lr 0.0030000000
[tr] step 356/2594 loss 9.2500000000 lr 0.0030000000
[tr] step 357/2594 loss 9.2500000000 lr 0.0030000000
[tr] step 358/2594 loss 9.2500000000 lr 0.0030000000
[tr] step 359/2594 loss 9.1875000000 lr 0.0030000000
[tr] step 360/2594 loss 9.3125000000 lr 0.0030000000
[tr] step 361/2594 loss 9.5000000000 lr 0.0030000000
[tr] step 362/2594 loss 9.2500000000 lr 0.0030000000
[tr] step 363/2594 loss 9.3125000000 lr 0.0030000000
[tr] step 364/2594 loss 9.1875000000 lr 0.0030000000
[tr] step 365/2594 loss 9.3750000000 lr 0.0030000000
[tr] step 366/2594 loss 9.2500000000 lr 0.0030000000
[tr] step 367/2594 loss 9.2500000000 lr 0.0030000000
[tr] step 368/2594 loss 9.4375000000 lr 0.0030000000
[tr] step 369/2594 loss 9.1875000000 lr 0.0030000000
[tr] step 370/2594 loss 9.2500000000 lr 0.0030000000
[tr] step 371/2594 loss 9.2500000000 lr 0.0030000000
[tr] step 372/2594 loss 9.1875000000 lr 0.0030000000
[tr] step 373/2594 loss 8.8750000000 lr 0.0030000000
[tr] step 374/2594 loss 9.2500000000 lr 0.0030000000
[tr] step 375/2594 loss 9.3125000000 lr 0.0030000000
[tr] step 376/2594 loss 9.2500000000 lr 0.0030000000
[tr] step 377/2594 loss 9.2500000000 lr 0.0030000000
[tr] step 378/2594 loss 8.9375000000 lr 0.0030000000
[tr] step 379/2594 loss 9.1875000000 lr 0.0030000000
[tr] step 380/2594 loss 9.1875000000 lr 0.0030000000
[tr] step 381/2594 loss 9.3750000000 lr 0.0030000000
[tr] step 382/2594 loss 9.1875000000 lr 0.0030000000
[tr] step 383/2594 loss 9.1875000000 lr 0.0030000000
[tr] step 384/2594 loss 9.2500000000 lr 0.0030000000
[tr] step 385/2594 loss 9.1875000000 lr 0.0030000000
[tr] step 386/2594 loss 9.2500000000 lr 0.0030000000
[tr] step 387/2594 loss 9.1875000000 lr 0.0030000000
[tr] step 388/2594 loss 9.1250000000 lr 0.0030000000
[tr] step 389/2594 loss 9.1875000000 lr 0.0030000000
[tr] step 390/2594 loss 9.1250000000 lr 0.0030000000
[tr] step 391/2594 loss 9.1250000000 lr 0.0030000000
[tr] step 392/2594 loss 9.2500000000 lr 0.0030000000
[tr] step 393/2594 loss 9.4375000000 lr 0.0030000000
[tr] step 394/2594 loss 9.1875000000 lr 0.0030000000
[tr] step 395/2594 loss 9.1875000000 lr 0.0030000000
[tr] step 396/2594 loss 9.1875000000 lr 0.0030000000
[tr] step 397/2594 loss 9.4375000000 lr 0.0030000000
[tr] step 398/2594 loss 8.8125000000 lr 0.0030000000
[tr] step 399/2594 loss 9.1875000000 lr 0.0030000000
[tm] step 400 avg 136.0ms/step
[tr] step 400/2594 loss 8.6875000000 lr 0.0030000000
[tr] step 401/2594 loss 9.1875000000 lr 0.0030000000
[tr] step 402/2594 loss 9.1875000000 lr 0.0030000000
[tr] step 403/2594 loss 9.1875000000 lr 0.0030000000
[tr] step 404/2594 loss 9.1875000000 lr 0.0030000000
[tr] step 405/2594 loss 8.9375000000 lr 0.0030000000
[tr] step 406/2594 loss 9.1875000000 lr 0.0030000000
[tr] step 407/2594 loss 9.1250000000 lr 0.0030000000
[tr] step 408/2594 loss 9.1875000000 lr 0.0030000000
[tr] step 409/2594 loss 9.1875000000 lr 0.0030000000
[tr] step 410/2594 loss 9.1250000000 lr 0.0030000000
[tr] step 411/2594 loss 9.1875000000 lr 0.0030000000
[tr] step 412/2594 loss 9.3750000000 lr 0.0030000000
[tr] step 413/2594 loss 9.1250000000 lr 0.0030000000
[tr] step 414/2594 loss 8.9375000000 lr 0.0030000000
[tr] step 415/2594 loss 9.1250000000 lr 0.0030000000
[tr] step 416/2594 loss 9.1875000000 lr 0.0030000000
[tr] step 417/2594 loss 9.1250000000 lr 0.0030000000
[tr] step 418/2594 loss 9.3750000000 lr 0.0030000000
[tr] step 419/2594 loss 9.6250000000 lr 0.0030000000
[tr] step 420/2594 loss 9.1250000000 lr 0.0030000000
[tr] step 421/2594 loss 9.1250000000 lr 0.0030000000
[tr] step 422/2594 loss 9.4375000000 lr 0.0030000000
[tr] step 423/2594 loss 9.1875000000 lr 0.0030000000
[tr] step 424/2594 loss 9.3750000000 lr 0.0030000000
[tr] step 425/2594 loss 9.3125000000 lr 0.0030000000
[tr] step 426/2594 loss 8.8125000000 lr 0.0030000000
[tr] step 427/2594 loss 9.1250000000 lr 0.0030000000
[tr] step 428/2594 loss 9.1875000000 lr 0.0030000000
[tr] step 429/2594 loss 9.1875000000 lr 0.0030000000
[tr] step 430/2594 loss 9.1250000000 lr 0.0030000000
[tr] step 431/2594 loss 9.1875000000 lr 0.0030000000
[tr] step 432/2594 loss 9.1875000000 lr 0.0030000000
[tr] step 433/2594 loss 9.1250000000 lr 0.0030000000
[tr] step 434/2594 loss 9.1250000000 lr 0.0030000000
[tr] step 435/2594 loss 9.1250000000 lr 0.0030000000
[tr] step 436/2594 loss 9.1250000000 lr 0.0030000000
[tr] step 437/2594 loss 9.1875000000 lr 0.0030000000
[tr] step 438/2594 loss 9.1875000000 lr 0.0030000000
[tr] step 439/2594 loss 9.1250000000 lr 0.0030000000
[tr] step 440/2594 loss 9.1250000000 lr 0.0030000000
[tr] step 441/2594 loss 9.1250000000 lr 0.0030000000
[tr] step 442/2594 loss 8.8125000000 lr 0.0030000000
[tr] step 443/2594 loss 9.3125000000 lr 0.0030000000
[tr] step 444/2594 loss 9.3750000000 lr 0.0030000000
[tr] step 445/2594 loss 9.1250000000 lr 0.0030000000
[tr] step 446/2594 loss 9.1250000000 lr 0.0030000000
[tr] step 447/2594 loss 9.1875000000 lr 0.0030000000
[tr] step 448/2594 loss 9.1875000000 lr 0.0030000000
[tr] step 449/2594 loss 9.1250000000 lr 0.0030000000
[tr] step 450/2594 loss 8.8125000000 lr 0.0030000000
[tr] step 451/2594 loss 8.8125000000 lr 0.0030000000
[tr] step 452/2594 loss 8.6875000000 lr 0.0030000000
[tr] step 453/2594 loss 9.1875000000 lr 0.0030000000
[tr] step 454/2594 loss 9.0625000000 lr 0.0030000000
[tr] step 455/2594 loss 9.1250000000 lr 0.0030000000
[tr] step 456/2594 loss 9.2500000000 lr 0.0030000000
[tr] step 457/2594 loss 8.6250000000 lr 0.0030000000
[tr] step 458/2594 loss 9.1250000000 lr 0.0030000000
[tr] step 459/2594 loss 9.1250000000 lr 0.0030000000
[tr] step 460/2594 loss 9.1250000000 lr 0.0030000000
[tr] step 461/2594 loss 9.0625000000 lr 0.0030000000
[tr] step 462/2594 loss 9.1250000000 lr 0.0030000000
[tr] step 463/2594 loss 8.7500000000 lr 0.0030000000
[tr] step 464/2594 loss 9.1875000000 lr 0.0030000000
[tr] step 465/2594 loss 9.1250000000 lr 0.0030000000
[tr] step 466/2594 loss 9.1250000000 lr 0.0030000000
[tr] step 467/2594 loss 9.0625000000 lr 0.0030000000
[tr] step 468/2594 loss 9.1250000000 lr 0.0030000000
[tr] step 469/2594 loss 9.2500000000 lr 0.0030000000
[tr] step 470/2594 loss 9.0000000000 lr 0.0030000000
[tr] step 471/2594 loss 9.3750000000 lr 0.0030000000
[tr] step 472/2594 loss 9.0625000000 lr 0.0030000000
[tr] step 473/2594 loss 9.0625000000 lr 0.0030000000
[tr] step 474/2594 loss 9.1250000000 lr 0.0030000000
[tr] step 475/2594 loss 9.0625000000 lr 0.0030000000
[tr] step 476/2594 loss 9.0625000000 lr 0.0030000000
[tr] step 477/2594 loss 9.3750000000 lr 0.0030000000
[tr] step 478/2594 loss 9.3125000000 lr 0.0030000000
[tr] step 479/2594 loss 9.0625000000 lr 0.0030000000
[tr] step 480/2594 loss 9.1250000000 lr 0.0030000000
[tr] step 481/2594 loss 9.3125000000 lr 0.0030000000
[tr] step 482/2594 loss 9.0625000000 lr 0.0030000000
[tr] step 483/2594 loss 9.1250000000 lr 0.0030000000
[tr] step 484/2594 loss 8.6875000000 lr 0.0030000000
[tr] step 485/2594 loss 9.1250000000 lr 0.0030000000
[tr] step 486/2594 loss 9.0000000000 lr 0.0030000000
[tr] step 487/2594 loss 9.3125000000 lr 0.0030000000
[tr] step 488/2594 loss 9.1250000000 lr 0.0030000000
[tr] step 489/2594 loss 9.0625000000 lr 0.0030000000
[tr] step 490/2594 loss 9.0625000000 lr 0.0030000000
[tr] step 491/2594 loss 9.0625000000 lr 0.0030000000
[tr] step 492/2594 loss 9.2500000000 lr 0.0030000000
[tr] step 493/2594 loss 9.1250000000 lr 0.0030000000
[tr] step 494/2594 loss 9.1250000000 lr 0.0030000000
[tr] step 495/2594 loss 9.2500000000 lr 0.0030000000
[tr] step 496/2594 loss 9.1250000000 lr 0.0030000000
[tr] step 497/2594 loss 9.0625000000 lr 0.0030000000
[tr] step 498/2594 loss 9.0000000000 lr 0.0030000000
[tr] step 499/2594 loss 9.1875000000 lr 0.0030000000
[tm] step 500 avg 178.0ms/step
[tr] step 500/2594 loss 8.7500000000 lr 0.0030000000
[tr] step 501/2594 loss 9.0625000000 lr 0.0030000000
[tr] step 502/2594 loss 9.1875000000 lr 0.0030000000
[tr] step 503/2594 loss 8.9375000000 lr 0.0030000000
[tr] step 504/2594 loss 9.1250000000 lr 0.0030000000
[tr] step 505/2594 loss 9.3125000000 lr 0.0030000000
[tr] step 506/2594 loss 9.1250000000 lr 0.0030000000
[tr] step 507/2594 loss 9.3125000000 lr 0.0030000000
[tr] step 508/2594 loss 8.9375000000 lr 0.0030000000
[tr] step 509/2594 loss 9.0625000000 lr 0.0030000000
[tr] step 510/2594 loss 9.0625000000 lr 0.0030000000
[tr] step 511/2594 loss 9.3125000000 lr 0.0030000000
[tr] step 512/2594 loss 8.8125000000 lr 0.0030000000
[tr] step 513/2594 loss 9.1250000000 lr 0.0030000000
[tr] step 514/2594 loss 8.6875000000 lr 0.0030000000
[tr] step 515/2594 loss 9.1875000000 lr 0.0030000000
[tr] step 516/2594 loss 9.0625000000 lr 0.0030000000
[tr] step 517/2594 loss 9.0625000000 lr 0.0030000000
[tr] step 518/2594 loss 9.0625000000 lr 0.0030000000
[tr] step 519/2594 loss 9.0625000000 lr 0.0030000000
[tr] step 520/2594 loss 9.0625000000 lr 0.0030000000
[tr] step 521/2594 loss 8.6250000000 lr 0.0030000000
[tr] step 522/2594 loss 9.1250000000 lr 0.0030000000
[tr] step 523/2594 loss 9.0625000000 lr 0.0030000000
[tr] step 524/2594 loss 9.0625000000 lr 0.0030000000
[tr] step 525/2594 loss 9.1250000000 lr 0.0030000000
[tr] step 526/2594 loss 9.3125000000 lr 0.0030000000
[tr] step 527/2594 loss 9.0625000000 lr 0.0030000000
[tr] step 528/2594 loss 9.0625000000 lr 0.0030000000
[tr] step 529/2594 loss 9.0625000000 lr 0.0030000000
[tr] step 530/2594 loss 8.6250000000 lr 0.0030000000
[tr] step 531/2594 loss 9.0625000000 lr 0.0030000000
[tr] step 532/2594 loss 8.8125000000 lr 0.0030000000
[tr] step 533/2594 loss 9.4375000000 lr 0.0030000000
[tr] step 534/2594 loss 9.0000000000 lr 0.0030000000
[tr] step 535/2594 loss 9.0625000000 lr 0.0030000000
[tr] step 536/2594 loss 9.3125000000 lr 0.0030000000
[tr] step 537/2594 loss 9.0625000000 lr 0.0030000000
[tr] step 538/2594 loss 9.1875000000 lr 0.0030000000
[tr] step 539/2594 loss 8.9375000000 lr 0.0030000000
[tr] step 540/2594 loss 9.0625000000 lr 0.0030000000
[tr] step 541/2594 loss 9.0625000000 lr 0.0030000000
[tr] step 542/2594 loss 9.0000000000 lr 0.0030000000
[tr] step 543/2594 loss 9.0625000000 lr 0.0030000000
[tr] step 544/2594 loss 9.0000000000 lr 0.0030000000
[tr] step 545/2594 loss 9.0625000000 lr 0.0030000000
[tr] step 546/2594 loss 9.0625000000 lr 0.0030000000
[tr] step 547/2594 loss 9.0625000000 lr 0.0030000000
[tr] step 548/2594 loss 9.0000000000 lr 0.0030000000
[tr] step 549/2594 loss 9.1875000000 lr 0.0030000000
[tr] step 550/2594 loss 9.0625000000 lr 0.0030000000
[tr] step 551/2594 loss 9.0625000000 lr 0.0030000000
[tr] step 552/2594 loss 9.0000000000 lr 0.0030000000
[tr] step 553/2594 loss 9.0625000000 lr 0.0030000000
[tr] step 554/2594 loss 9.0000000000 lr 0.0030000000
[tr] step 555/2594 loss 9.0625000000 lr 0.0030000000
[tr] step 556/2594 loss 8.9375000000 lr 0.0030000000
[tr] step 557/2594 loss 9.0000000000 lr 0.0030000000
[tr] step 558/2594 loss 9.0000000000 lr 0.0030000000
[tr] step 559/2594 loss 9.0625000000 lr 0.0030000000
[tr] step 560/2594 loss 9.0625000000 lr 0.0030000000
[tr] step 561/2594 loss 9.1250000000 lr 0.0030000000
[tr] step 562/2594 loss 9.0000000000 lr 0.0030000000
[tr] step 563/2594 loss 9.1875000000 lr 0.0030000000
[tr] step 564/2594 loss 9.0625000000 lr 0.0030000000
[tr] step 565/2594 loss 8.8750000000 lr 0.0030000000
[tr] step 566/2594 loss 9.2500000000 lr 0.0030000000
[tr] step 567/2594 loss 9.0625000000 lr 0.0030000000
[tr] step 568/2594 loss 8.6875000000 lr 0.0030000000
[tr] step 569/2594 loss 9.1875000000 lr 0.0030000000
[tr] step 570/2594 loss 9.0625000000 lr 0.0030000000
[tr] step 571/2594 loss 9.0000000000 lr 0.0030000000
[tr] step 572/2594 loss 9.0000000000 lr 0.0030000000
[tr] step 573/2594 loss 9.1250000000 lr 0.0030000000
[tr] step 574/2594 loss 9.1875000000 lr 0.0030000000
[tr] step 575/2594 loss 9.2500000000 lr 0.0030000000
[tr] step 576/2594 loss 9.1250000000 lr 0.0030000000
[tr] step 577/2594 loss 9.0625000000 lr 0.0030000000
[tr] step 578/2594 loss 8.9375000000 lr 0.0030000000
[tr] step 579/2594 loss 9.0000000000 lr 0.0030000000
[tr] step 580/2594 loss 9.0625000000 lr 0.0030000000
[tr] step 581/2594 loss 9.0000000000 lr 0.0030000000
[tr] step 582/2594 loss 9.2500000000 lr 0.0030000000
[tr] step 583/2594 loss 9.2500000000 lr 0.0030000000
[tr] step 584/2594 loss 9.0000000000 lr 0.0030000000
[tr] step 585/2594 loss 8.6875000000 lr 0.0030000000
[tr] step 586/2594 loss 9.1250000000 lr 0.0030000000
[tr] step 587/2594 loss 8.6250000000 lr 0.0030000000
[tr] step 588/2594 loss 9.0000000000 lr 0.0030000000
[tr] step 589/2594 loss 8.8750000000 lr 0.0030000000
[tr] step 590/2594 loss 9.3125000000 lr 0.0030000000
[tr] step 591/2594 loss 8.6875000000 lr 0.0030000000
[tr] step 592/2594 loss 9.0625000000 lr 0.0030000000
[tr] step 593/2594 loss 8.6250000000 lr 0.0030000000
[tr] step 594/2594 loss 9.1875000000 lr 0.0030000000
[tr] step 595/2594 loss 9.0000000000 lr 0.0030000000
[tr] step 596/2594 loss 8.8750000000 lr 0.0030000000
[tr] step 597/2594 loss 9.0000000000 lr 0.0030000000
[tr] step 598/2594 loss 9.0625000000 lr 0.0030000000
[tr] step 599/2594 loss 8.6250000000 lr 0.0030000000
[tm] step 600 avg 230.0ms/step
[tr] step 600/2594 loss 9.3125000000 lr 0.0030000000
[tr] step 601/2594 loss 8.9375000000 lr 0.0030000000
[tr] step 602/2594 loss 9.1250000000 lr 0.0030000000
[tr] step 603/2594 loss 9.0625000000 lr 0.0030000000
[tr] step 604/2594 loss 9.0000000000 lr 0.0030000000
[tr] step 605/2594 loss 8.8750000000 lr 0.0030000000
[tr] step 606/2594 loss 9.0000000000 lr 0.0030000000
[tr] step 607/2594 loss 9.0625000000 lr 0.0030000000
[tr] step 608/2594 loss 9.0000000000 lr 0.0030000000
[tr] step 609/2594 loss 9.0000000000 lr 0.0030000000
[tr] step 610/2594 loss 9.0625000000 lr 0.0030000000
[tr] step 611/2594 loss 8.8750000000 lr 0.0030000000
[tr] step 612/2594 loss 9.0000000000 lr 0.0030000000
[tr] step 613/2594 loss 8.8750000000 lr 0.0030000000
[tr] step 614/2594 loss 8.9375000000 lr 0.0030000000
[tr] step 615/2594 loss 9.0625000000 lr 0.0030000000
[tr] step 616/2594 loss 9.0625000000 lr 0.0030000000
[tr] step 617/2594 loss 8.6875000000 lr 0.0030000000
[tr] step 618/2594 loss 9.0000000000 lr 0.0030000000
[tr] step 619/2594 loss 8.8125000000 lr 0.0030000000
[tr] step 620/2594 loss 9.1875000000 lr 0.0030000000
[tr] step 621/2594 loss 9.0000000000 lr 0.0030000000
[tr] step 622/2594 loss 9.0000000000 lr 0.0030000000
[tr] step 623/2594 loss 8.8125000000 lr 0.0030000000
[tr] step 624/2594 loss 9.0625000000 lr 0.0030000000
[tr] step 625/2594 loss 8.7500000000 lr 0.0030000000
[tr] step 626/2594 loss 9.0000000000 lr 0.0030000000
[tr] step 627/2594 loss 8.8750000000 lr 0.0030000000
[tr] step 628/2594 loss 9.0000000000 lr 0.0030000000
[tr] step 629/2594 loss 8.9375000000 lr 0.0030000000
[tr] step 630/2594 loss 8.8750000000 lr 0.0030000000
[tr] step 631/2594 loss 8.7500000000 lr 0.0030000000
[tr] step 632/2594 loss 8.8750000000 lr 0.0030000000
[tr] step 633/2594 loss 8.6250000000 lr 0.0030000000
[tr] step 634/2594 loss 8.8125000000 lr 0.0030000000
[tr] step 635/2594 loss 8.8750000000 lr 0.0030000000
[tr] step 636/2594 loss 9.0000000000 lr 0.0030000000
[tr] step 637/2594 loss 8.8750000000 lr 0.0030000000
[tr] step 638/2594 loss 9.0000000000 lr 0.0030000000
[tr] step 639/2594 loss 8.8125000000 lr 0.0030000000
[tr] step 640/2594 loss 8.9375000000 lr 0.0030000000
[tr] step 641/2594 loss 9.0000000000 lr 0.0030000000
[tr] step 642/2594 loss 8.9375000000 lr 0.0030000000
[tr] step 643/2594 loss 9.0000000000 lr 0.0030000000
[tr] step 644/2594 loss 8.8125000000 lr 0.0030000000
[tr] step 645/2594 loss 9.0000000000 lr 0.0030000000
[tr] step 646/2594 loss 9.0625000000 lr 0.0030000000
[tr] step 647/2594 loss 8.8125000000 lr 0.0030000000
[tr] step 648/2594 loss 9.0000000000 lr 0.0030000000
[tr] step 649/2594 loss 8.8750000000 lr 0.0030000000
[tr] step 650/2594 loss 9.3125000000 lr 0.0030000000
[tr] step 651/2594 loss 8.8750000000 lr 0.0030000000
[tr] step 652/2594 loss 9.1250000000 lr 0.0030000000
[tr] step 653/2594 loss 9.5625000000 lr 0.0030000000
[tr] step 654/2594 loss 9.0000000000 lr 0.0030000000
[tr] step 655/2594 loss 9.0000000000 lr 0.0030000000
[tr] step 656/2594 loss 8.8750000000 lr 0.0030000000
[tr] step 657/2594 loss 8.8750000000 lr 0.0030000000
[tr] step 658/2594 loss 9.1250000000 lr 0.0030000000
[tr] step 659/2594 loss 9.4375000000 lr 0.0030000000
[tr] step 660/2594 loss 9.2500000000 lr 0.0030000000
[tr] step 661/2594 loss 8.9375000000 lr 0.0030000000
[tr] step 662/2594 loss 8.8750000000 lr 0.0030000000
[tr] step 663/2594 loss 9.2500000000 lr 0.0030000000
[tr] step 664/2594 loss 9.1875000000 lr 0.0030000000
[tr] step 665/2594 loss 8.9375000000 lr 0.0030000000
[tr] step 666/2594 loss 8.9375000000 lr 0.0030000000
[tr] step 667/2594 loss 9.1250000000 lr 0.0030000000
[tr] step 668/2594 loss 9.0000000000 lr 0.0030000000
[tr] step 669/2594 loss 8.6875000000 lr 0.0030000000
[tr] step 670/2594 loss 8.5625000000 lr 0.0030000000
[tr] step 671/2594 loss 9.0000000000 lr 0.0030000000
[tr] step 672/2594 loss 8.8125000000 lr 0.0030000000
[tr] step 673/2594 loss 8.5625000000 lr 0.0030000000
[tr] step 674/2594 loss 8.9375000000 lr 0.0030000000
[tr] step 675/2594 loss 9.0000000000 lr 0.0030000000
[tr] step 676/2594 loss 9.0000000000 lr 0.0030000000
[tr] step 677/2594 loss 9.0000000000 lr 0.0030000000
[tr] step 678/2594 loss 8.5625000000 lr 0.0030000000
[tr] step 679/2594 loss 8.8750000000 lr 0.0030000000
[tr] step 680/2594 loss 9.1250000000 lr 0.0030000000
[tr] step 681/2594 loss 8.9375000000 lr 0.0030000000
[tr] step 682/2594 loss 8.9375000000 lr 0.0030000000
[tr] step 683/2594 loss 8.7500000000 lr 0.0030000000
[tr] step 684/2594 loss 8.9375000000 lr 0.0030000000
[tr] step 685/2594 loss 8.9375000000 lr 0.0030000000
[tr] step 686/2594 loss 8.8750000000 lr 0.0030000000
[tr] step 687/2594 loss 8.8125000000 lr 0.0030000000
[tr] step 688/2594 loss 9.0000000000 lr 0.0030000000
[tr] step 689/2594 loss 8.6875000000 lr 0.0030000000
[tr] step 690/2594 loss 8.9375000000 lr 0.0030000000
[tr] step 691/2594 loss 8.8125000000 lr 0.0030000000
[tr] step 692/2594 loss 9.0000000000 lr 0.0030000000
[tr] step 693/2594 loss 8.5625000000 lr 0.0030000000
[tr] step 694/2594 loss 9.1250000000 lr 0.0030000000
[tr] step 695/2594 loss 9.0625000000 lr 0.0030000000
[tr] step 696/2594 loss 8.7500000000 lr 0.0030000000
[tr] step 697/2594 loss 8.9375000000 lr 0.0030000000
[tr] step 698/2594 loss 8.9375000000 lr 0.0030000000
[tr] step 699/2594 loss 8.8750000000 lr 0.0030000000
[tm] step 700 avg 289.9ms/step
[tr] step 700/2594 loss 8.7500000000 lr 0.0030000000
[tr] step 701/2594 loss 8.9375000000 lr 0.0030000000
[tr] step 702/2594 loss 8.7500000000 lr 0.0030000000
[tr] step 703/2594 loss 8.9375000000 lr 0.0030000000
[tr] step 704/2594 loss 8.8125000000 lr 0.0030000000
[tr] step 705/2594 loss 8.8750000000 lr 0.0030000000
[tr] step 706/2594 loss 8.5625000000 lr 0.0030000000
[tr] step 707/2594 loss 8.9375000000 lr 0.0030000000
[tr] step 708/2594 loss 8.7500000000 lr 0.0030000000
[tr] step 709/2594 loss 8.7500000000 lr 0.0030000000
[tr] step 710/2594 loss 8.8750000000 lr 0.0030000000
[tr] step 711/2594 loss 8.8750000000 lr 0.0030000000
[tr] step 712/2594 loss 8.8125000000 lr 0.0030000000
[tr] step 713/2594 loss 9.0625000000 lr 0.0030000000
[tr] step 714/2594 loss 8.8750000000 lr 0.0030000000
[tr] step 715/2594 loss 9.0000000000 lr 0.0030000000
[tr] step 716/2594 loss 9.3125000000 lr 0.0030000000
[tr] step 717/2594 loss 8.8125000000 lr 0.0030000000
[tr] step 718/2594 loss 8.9375000000 lr 0.0030000000
[tr] step 719/2594 loss 8.8750000000 lr 0.0030000000
[tr] step 720/2594 loss 9.3750000000 lr 0.0030000000
[tr] step 721/2594 loss 9.1875000000 lr 0.0030000000
[tr] step 722/2594 loss 8.7500000000 lr 0.0030000000
[tr] step 723/2594 loss 8.8125000000 lr 0.0030000000
[tr] step 724/2594 loss 8.8750000000 lr 0.0030000000
[tr] step 725/2594 loss 9.3750000000 lr 0.0030000000
[tr] step 726/2594 loss 8.7500000000 lr 0.0030000000
[tr] step 727/2594 loss 9.3750000000 lr 0.0030000000
[tr] step 728/2594 loss 8.8750000000 lr 0.0030000000
[tr] step 729/2594 loss 8.9375000000 lr 0.0030000000
[tr] step 730/2594 loss 8.8750000000 lr 0.0030000000
[tr] step 731/2594 loss 8.8750000000 lr 0.0030000000
[tr] step 732/2594 loss 8.8750000000 lr 0.0030000000
[tr] step 733/2594 loss 9.0000000000 lr 0.0030000000
[tr] step 734/2594 loss 8.8125000000 lr 0.0030000000
[tr] step 735/2594 loss 8.8750000000 lr 0.0030000000
[tr] step 736/2594 loss 9.3750000000 lr 0.0030000000
[tr] step 737/2594 loss 9.2500000000 lr 0.0030000000
[tr] step 738/2594 loss 8.8125000000 lr 0.0030000000
[tr] step 739/2594 loss 8.5625000000 lr 0.0030000000
[tr] step 740/2594 loss 8.8125000000 lr 0.0030000000
[tr] step 741/2594 loss 8.8750000000 lr 0.0030000000
[tr] step 742/2594 loss 8.8750000000 lr 0.0030000000
[tr] step 743/2594 loss 8.7500000000 lr 0.0030000000
[tr] step 744/2594 loss 8.6875000000 lr 0.0030000000
[tr] step 745/2594 loss 8.8750000000 lr 0.0030000000
[tr] step 746/2594 loss 8.9375000000 lr 0.0030000000
[tr] step 747/2594 loss 8.7500000000 lr 0.0030000000
[tr] step 748/2594 loss 8.9375000000 lr 0.0030000000
[tr] step 749/2594 loss 8.8125000000 lr 0.0030000000
[tr] step 750/2594 loss 8.8750000000 lr 0.0030000000
[tr] step 751/2594 loss 9.8125000000 lr 0.0030000000
[tr] step 752/2594 loss 9.3750000000 lr 0.0030000000
[tr] step 753/2594 loss 9.2500000000 lr 0.0030000000
[tr] step 754/2594 loss 9.1875000000 lr 0.0030000000
[tr] step 755/2594 loss 8.8125000000 lr 0.0030000000
[tr] step 756/2594 loss 9.1250000000 lr 0.0030000000
[tr] step 757/2594 loss 8.8750000000 lr 0.0030000000
[tr] step 758/2594 loss 8.8750000000 lr 0.0030000000
[tr] step 759/2594 loss 8.7500000000 lr 0.0030000000
[tr] step 760/2594 loss 8.8750000000 lr 0.0030000000
[tr] step 761/2594 loss 8.8750000000 lr 0.0030000000
[tr] step 762/2594 loss 8.7500000000 lr 0.0030000000
[tr] step 763/2594 loss 8.9375000000 lr 0.0030000000
[tr] step 764/2594 loss 10.0000000000 lr 0.0030000000
[tr] step 765/2594 loss 9.0625000000 lr 0.0030000000
[tr] step 766/2594 loss 8.8750000000 lr 0.0030000000
[tr] step 767/2594 loss 8.8125000000 lr 0.0030000000
[tr] step 768/2594 loss 8.8750000000 lr 0.0030000000
[tr] step 769/2594 loss 9.0000000000 lr 0.0030000000
[tr] step 770/2594 loss 9.1875000000 lr 0.0030000000
[tr] step 771/2594 loss 8.8125000000 lr 0.0030000000
[tr] step 772/2594 loss 9.0625000000 lr 0.0030000000
[tr] step 773/2594 loss 8.8750000000 lr 0.0030000000
[tr] step 774/2594 loss 8.8125000000 lr 0.0030000000
[tr] step 775/2594 loss 8.8750000000 lr 0.0030000000
[tr] step 776/2594 loss 8.8125000000 lr 0.0030000000
[tr] step 777/2594 loss 8.7500000000 lr 0.0030000000
[tr] step 778/2594 loss 8.7500000000 lr 0.0030000000
[tr] step 779/2594 loss 8.8125000000 lr 0.0030000000
[tr] step 780/2594 loss 8.9375000000 lr 0.0030000000
[tr] step 781/2594 loss 9.3750000000 lr 0.0030000000
[tr] step 782/2594 loss 8.7500000000 lr 0.0030000000
[tr] step 783/2594 loss 8.9375000000 lr 0.0030000000
[tr] step 784/2594 loss 8.6250000000 lr 0.0030000000
[tr] step 785/2594 loss 8.9375000000 lr 0.0030000000
[tr] step 786/2594 loss 8.6250000000 lr 0.0030000000
[tr] step 787/2594 loss 8.9375000000 lr 0.0030000000
[tr] step 788/2594 loss 9.0000000000 lr 0.0030000000
[tr] step 789/2594 loss 8.9375000000 lr 0.0030000000
[tr] step 790/2594 loss 8.6875000000 lr 0.0030000000
[tr] step 791/2594 loss 8.7500000000 lr 0.0030000000
[tr] step 792/2594 loss 8.6875000000 lr 0.0030000000
[tr] step 793/2594 loss 8.6875000000 lr 0.0030000000
[tr] step 794/2594 loss 8.9375000000 lr 0.0030000000
[tr] step 795/2594 loss 8.9375000000 lr 0.0030000000
[tr] step 796/2594 loss 8.8125000000 lr 0.0030000000
[tr] step 797/2594 loss 8.8125000000 lr 0.0030000000
[tr] step 798/2594 loss 8.6250000000 lr 0.0030000000
[tr] step 799/2594 loss 8.8125000000 lr 0.0030000000
[tm] step 800 avg 351.7ms/step
[tr] step 800/2594 loss 8.9375000000 lr 0.0030000000
[tr] step 801/2594 loss 8.7500000000 lr 0.0030000000
[tr] step 802/2594 loss 8.7500000000 lr 0.0030000000
[tr] step 803/2594 loss 8.8750000000 lr 0.0030000000
[tr] step 804/2594 loss 8.7500000000 lr 0.0030000000
[tr] step 805/2594 loss 8.7500000000 lr 0.0030000000
[tr] step 806/2594 loss 8.7500000000 lr 0.0030000000
[tr] step 807/2594 loss 8.7500000000 lr 0.0030000000
[tr] step 808/2594 loss 8.7500000000 lr 0.0030000000
[tr] step 809/2594 loss 8.8125000000 lr 0.0030000000
[tr] step 810/2594 loss 8.7500000000 lr 0.0030000000
[tr] step 811/2594 loss 9.3125000000 lr 0.0030000000
[tr] step 812/2594 loss 8.8125000000 lr 0.0030000000
[tr] step 813/2594 loss 8.8125000000 lr 0.0030000000
[tr] step 814/2594 loss 8.7500000000 lr 0.0030000000
[tr] step 815/2594 loss 8.7500000000 lr 0.0030000000
[tr] step 816/2594 loss 8.7500000000 lr 0.0030000000
[tr] step 817/2594 loss 8.7500000000 lr 0.0030000000
[tr] step 818/2594 loss 8.7500000000 lr 0.0030000000
[tr] step 819/2594 loss 8.7500000000 lr 0.0030000000
[tr] step 820/2594 loss 8.8750000000 lr 0.0030000000
[tr] step 821/2594 loss 8.8125000000 lr 0.0030000000
[tr] step 822/2594 loss 9.3125000000 lr 0.0030000000
[tr] step 823/2594 loss 8.7500000000 lr 0.0030000000
[tr] step 824/2594 loss 8.8750000000 lr 0.0030000000
[tr] step 825/2594 loss 8.6250000000 lr 0.0030000000
[tr] step 826/2594 loss 8.6875000000 lr 0.0030000000
[tr] step 827/2594 loss 8.5000000000 lr 0.0030000000
[tr] step 828/2594 loss 8.9375000000 lr 0.0030000000
[tr] step 829/2594 loss 8.6875000000 lr 0.0030000000
[tr] step 830/2594 loss 8.8125000000 lr 0.0030000000
[tr] step 831/2594 loss 9.1875000000 lr 0.0030000000
[tr] step 832/2594 loss 8.6875000000 lr 0.0030000000
[tr] step 833/2594 loss 8.8125000000 lr 0.0030000000
[tr] step 834/2594 loss 8.9375000000 lr 0.0030000000
[tr] step 835/2594 loss 8.7500000000 lr 0.0030000000
[tr] step 836/2594 loss 8.6875000000 lr 0.0030000000
[tr] step 837/2594 loss 8.8750000000 lr 0.0030000000
[tr] step 838/2594 loss 9.1250000000 lr 0.0030000000
[tr] step 839/2594 loss 8.7500000000 lr 0.0030000000
[tr] step 840/2594 loss 8.6875000000 lr 0.0030000000
[tr] step 841/2594 loss 8.7500000000 lr 0.0030000000
[tr] step 842/2594 loss 8.6875000000 lr 0.0030000000
[tr] step 843/2594 loss 8.8125000000 lr 0.0030000000
[tr] step 844/2594 loss 8.8750000000 lr 0.0030000000
[tr] step 845/2594 loss 8.6875000000 lr 0.0030000000
[tr] step 846/2594 loss 8.8125000000 lr 0.0030000000
[tr] step 847/2594 loss 8.6875000000 lr 0.0030000000
[tr] step 848/2594 loss 8.6250000000 lr 0.0030000000
[tr] step 849/2594 loss 9.1875000000 lr 0.0030000000
[tr] step 850/2594 loss 9.1250000000 lr 0.0030000000
[tr] step 851/2594 loss 8.6250000000 lr 0.0030000000
[tr] step 852/2594 loss 8.6875000000 lr 0.0030000000
[tr] step 853/2594 loss 8.6875000000 lr 0.0030000000
[tr] step 854/2594 loss 8.8750000000 lr 0.0030000000
[tr] step 855/2594 loss 8.8125000000 lr 0.0030000000
[tr] step 856/2594 loss 8.6875000000 lr 0.0030000000
[tr] step 857/2594 loss 8.6875000000 lr 0.0030000000
[tr] step 858/2594 loss 8.6875000000 lr 0.0030000000
[tr] step 859/2594 loss 8.6250000000 lr 0.0030000000
[tr] step 860/2594 loss 9.1250000000 lr 0.0030000000
[tr] step 861/2594 loss 8.6250000000 lr 0.0030000000
[tr] step 862/2594 loss 8.6875000000 lr 0.0030000000
[tr] step 863/2594 loss 8.6250000000 lr 0.0030000000
[tr] step 864/2594 loss 8.8750000000 lr 0.0030000000
[tr] step 865/2594 loss 8.6250000000 lr 0.0030000000
[tr] step 866/2594 loss 8.5625000000 lr 0.0030000000
[tr] step 867/2594 loss 9.1875000000 lr 0.0030000000
[tr] step 868/2594 loss 8.8750000000 lr 0.0030000000
[tr] step 869/2594 loss 9.1250000000 lr 0.0030000000
[tr] step 870/2594 loss 8.5625000000 lr 0.0030000000
[tr] step 871/2594 loss 9.0625000000 lr 0.0030000000
[tr] step 872/2594 loss 8.7500000000 lr 0.0030000000
[tr] step 873/2594 loss 8.9375000000 lr 0.0030000000
[tr] step 874/2594 loss 9.1250000000 lr 0.0030000000
[tr] step 875/2594 loss 9.0625000000 lr 0.0030000000
[tr] step 876/2594 loss 8.6875000000 lr 0.0030000000
[tr] step 877/2594 loss 9.1875000000 lr 0.0030000000
[tr] step 878/2594 loss 9.0000000000 lr 0.0030000000
[tr] step 879/2594 loss 8.5625000000 lr 0.0030000000
[tr] step 880/2594 loss 9.0000000000 lr 0.0030000000
[tr] step 881/2594 loss 8.8125000000 lr 0.0030000000
[tr] step 882/2594 loss 8.6250000000 lr 0.0030000000
[tr] step 883/2594 loss 9.0625000000 lr 0.0030000000
[tr] step 884/2594 loss 9.0625000000 lr 0.0030000000
[tr] step 885/2594 loss 8.7500000000 lr 0.0030000000
[tr] step 886/2594 loss 9.0000000000 lr 0.0030000000
[tr] step 887/2594 loss 8.8750000000 lr 0.0030000000
[tr] step 888/2594 loss 8.7500000000 lr 0.0030000000
[tr] step 889/2594 loss 8.7500000000 lr 0.0030000000
[tr] step 890/2594 loss 8.6875000000 lr 0.0030000000
[tr] step 891/2594 loss 8.8750000000 lr 0.0030000000
[tr] step 892/2594 loss 8.5625000000 lr 0.0030000000
[tr] step 893/2594 loss 8.6875000000 lr 0.0030000000
[tr] step 894/2594 loss 8.8125000000 lr 0.0030000000
[tr] step 895/2594 loss 8.6250000000 lr 0.0030000000
[tr] step 896/2594 loss 8.6250000000 lr 0.0030000000
[tr] step 897/2594 loss 8.9375000000 lr 0.0030000000
[tr] step 898/2594 loss 9.0625000000 lr 0.0030000000
[tr] step 899/2594 loss 8.6250000000 lr 0.0030000000
[tm] step 900 avg 424.0ms/step
[tr] step 900/2594 loss 9.0625000000 lr 0.0030000000
[tr] step 901/2594 loss 8.6250000000 lr 0.0030000000
[tr] step 902/2594 loss 8.7500000000 lr 0.0030000000
[tr] step 903/2594 loss 8.6250000000 lr 0.0030000000
[tr] step 904/2594 loss 8.6875000000 lr 0.0030000000
[tr] step 905/2594 loss 8.6250000000 lr 0.0030000000
[tr] step 906/2594 loss 8.8125000000 lr 0.0030000000
[tr] step 907/2594 loss 8.7500000000 lr 0.0030000000
[tr] step 908/2594 loss 8.6250000000 lr 0.0030000000
[tr] step 909/2594 loss 9.1875000000 lr 0.0030000000
[tr] step 910/2594 loss 8.7500000000 lr 0.0030000000
[tr] step 911/2594 loss 8.5625000000 lr 0.0030000000
[tr] step 912/2594 loss 8.6250000000 lr 0.0030000000
[tr] step 913/2594 loss 8.8750000000 lr 0.0030000000
[tr] step 914/2594 loss 8.6250000000 lr 0.0030000000
[tr] step 915/2594 loss 8.6875000000 lr 0.0030000000
[tr] step 916/2594 loss 8.6875000000 lr 0.0030000000
[tr] step 917/2594 loss 8.6250000000 lr 0.0030000000
[tr] step 918/2594 loss 8.9375000000 lr 0.0030000000
[tr] step 919/2594 loss 9.1250000000 lr 0.0030000000
[tr] step 920/2594 loss 8.6250000000 lr 0.0030000000
[tr] step 921/2594 loss 9.0000000000 lr 0.0030000000
[tr] step 922/2594 loss 8.5625000000 lr 0.0030000000
[tr] step 923/2594 loss 8.5000000000 lr 0.0030000000
[tr] step 924/2594 loss 9.1875000000 lr 0.0030000000
[tr] step 925/2594 loss 9.0625000000 lr 0.0030000000
[tr] step 926/2594 loss 9.0625000000 lr 0.0030000000
[tr] step 927/2594 loss 8.6250000000 lr 0.0030000000
[tr] step 928/2594 loss 8.6250000000 lr 0.0030000000
[tr] step 929/2594 loss 8.5000000000 lr 0.0030000000
[tr] step 930/2594 loss 8.7500000000 lr 0.0030000000
[tr] step 931/2594 loss 8.6875000000 lr 0.0030000000
[tr] step 932/2594 loss 9.1250000000 lr 0.0030000000
[tr] step 933/2594 loss 8.7500000000 lr 0.0030000000
[tr] step 934/2594 loss 9.1250000000 lr 0.0030000000
[tr] step 935/2594 loss 9.0000000000 lr 0.0030000000
[tr] step 936/2594 loss 8.9375000000 lr 0.0030000000
[tr] step 937/2594 loss 8.6250000000 lr 0.0030000000
[tr] step 938/2594 loss 8.6250000000 lr 0.0030000000
[tr] step 939/2594 loss 8.6875000000 lr 0.0030000000
[tr] step 940/2594 loss 8.8125000000 lr 0.0030000000
[tr] step 941/2594 loss 8.6250000000 lr 0.0030000000
[tr] step 942/2594 loss 8.8750000000 lr 0.0030000000
[tr] step 943/2594 loss 8.6875000000 lr 0.0030000000
[tr] step 944/2594 loss 8.6250000000 lr 0.0030000000
[tr] step 945/2594 loss 8.7500000000 lr 0.0030000000
[tr] step 946/2594 loss 8.7500000000 lr 0.0030000000
[tr] step 947/2594 loss 8.6250000000 lr 0.0030000000
[tr] step 948/2594 loss 8.6250000000 lr 0.0030000000
[tr] step 949/2594 loss 8.5625000000 lr 0.0030000000
[tr] step 950/2594 loss 8.8750000000 lr 0.0030000000
[tr] step 951/2594 loss 8.7500000000 lr 0.0030000000
[tr] step 952/2594 loss 9.0625000000 lr 0.0030000000
[tr] step 953/2594 loss 8.8125000000 lr 0.0030000000
[tr] step 954/2594 loss 8.5625000000 lr 0.0030000000
[tr] step 955/2594 loss 8.8750000000 lr 0.0030000000
[tr] step 956/2594 loss 9.1875000000 lr 0.0030000000
[tr] step 957/2594 loss 8.5625000000 lr 0.0030000000
[tr] step 958/2594 loss 8.6875000000 lr 0.0030000000
[tr] step 959/2594 loss 8.6250000000 lr 0.0030000000
[tr] step 960/2594 loss 9.0625000000 lr 0.0030000000
[tr] step 961/2594 loss 8.6875000000 lr 0.0030000000
[tr] step 962/2594 loss 8.5625000000 lr 0.0030000000
[tr] step 963/2594 loss 8.6250000000 lr 0.0030000000
[tr] step 964/2594 loss 9.0000000000 lr 0.0030000000
[tr] step 965/2594 loss 8.5000000000 lr 0.0030000000
[tr] step 966/2594 loss 8.6875000000 lr 0.0030000000
[tr] step 967/2594 loss 8.6875000000 lr 0.0030000000
[tr] step 968/2594 loss 8.7500000000 lr 0.0030000000
[tr] step 969/2594 loss 8.5625000000 lr 0.0030000000
[tr] step 970/2594 loss 9.0625000000 lr 0.0030000000
[tr] step 971/2594 loss 8.5625000000 lr 0.0030000000
[tr] step 972/2594 loss 8.5625000000 lr 0.0030000000
[tr] step 973/2594 loss 8.8125000000 lr 0.0030000000
[tr] step 974/2594 loss 8.8125000000 lr 0.0030000000
[tr] step 975/2594 loss 8.5000000000 lr 0.0030000000
[tr] step 976/2594 loss 8.6875000000 lr 0.0030000000
[tr] step 977/2594 loss 8.6250000000 lr 0.0030000000
[tr] step 978/2594 loss 8.5625000000 lr 0.0030000000
[tr] step 979/2594 loss 8.6875000000 lr 0.0030000000
[tr] step 980/2594 loss 8.5625000000 lr 0.0030000000
[tr] step 981/2594 loss 8.9375000000 lr 0.0030000000
[tr] step 982/2594 loss 8.5625000000 lr 0.0030000000
[tr] step 983/2594 loss 8.8125000000 lr 0.0030000000
[tr] step 984/2594 loss 8.5000000000 lr 0.0030000000
[tr] step 985/2594 loss 8.7500000000 lr 0.0030000000
[tr] step 986/2594 loss 8.6250000000 lr 0.0030000000
[tr] step 987/2594 loss 8.8750000000 lr 0.0030000000
[tr] step 988/2594 loss 8.7500000000 lr 0.0030000000
[tr] step 989/2594 loss 8.6250000000 lr 0.0030000000
[tr] step 990/2594 loss 8.7500000000 lr 0.0030000000
[tr] step 991/2594 loss 8.8125000000 lr 0.0030000000
[tr] step 992/2594 loss 8.6250000000 lr 0.0030000000
[tr] step 993/2594 loss 8.5625000000 lr 0.0030000000
[tr] step 994/2594 loss 8.9375000000 lr 0.0030000000
[tr] step 995/2594 loss 8.8750000000 lr 0.0030000000
[tr] step 996/2594 loss 8.8125000000 lr 0.0030000000
[tr] step 997/2594 loss 8.7500000000 lr 0.0030000000
[tr] step 998/2594 loss 9.0000000000 lr 0.0030000000
[tr] step 999/2594 loss 8.5625000000 lr 0.0030000000
[tm] step 1000 avg 530.1ms/step
[tr] step 1000/2594 loss 8.5625000000 lr 0.0030000000
[tr] step 1001/2594 loss 8.6875000000 lr 0.0030000000
[tr] step 1002/2594 loss 8.6250000000 lr 0.0030000000
[tr] step 1003/2594 loss 8.6250000000 lr 0.0030000000
[tr] step 1004/2594 loss 9.0625000000 lr 0.0030000000
[tr] step 1005/2594 loss 8.5625000000 lr 0.0030000000
[tr] step 1006/2594 loss 8.7500000000 lr 0.0030000000
[tr] step 1007/2594 loss 8.7500000000 lr 0.0030000000
[tr] step 1008/2594 loss 8.6250000000 lr 0.0030000000
[tr] step 1009/2594 loss 8.6250000000 lr 0.0030000000
[tr] step 1010/2594 loss 8.5625000000 lr 0.0030000000
[tr] step 1011/2594 loss 8.9375000000 lr 0.0030000000
[tr] step 1012/2594 loss 8.6250000000 lr 0.0030000000
[tr] step 1013/2594 loss 8.6875000000 lr 0.0030000000
[tr] step 1014/2594 loss 8.5625000000 lr 0.0030000000
[tr] step 1015/2594 loss 8.7500000000 lr 0.0030000000
[tr] step 1016/2594 loss 8.5625000000 lr 0.0030000000
[tr] step 1017/2594 loss 8.6250000000 lr 0.0030000000
[tr] step 1018/2594 loss 8.5625000000 lr 0.0030000000
[tr] step 1019/2594 loss 8.6250000000 lr 0.0030000000
[tr] step 1020/2594 loss 8.5000000000 lr 0.0030000000
[tr] step 1021/2594 loss 8.5000000000 lr 0.0030000000
[tr] step 1022/2594 loss 8.6875000000 lr 0.0030000000
[tr] step 1023/2594 loss 8.8750000000 lr 0.0030000000
[tr] step 1024/2594 loss 8.3125000000 lr 0.0030000000
[tr] step 1025/2594 loss 8.7500000000 lr 0.0030000000
[tr] step 1026/2594 loss 8.6875000000 lr 0.0030000000
[tr] step 1027/2594 loss 8.5000000000 lr 0.0030000000
[tr] step 1028/2594 loss 8.5625000000 lr 0.0030000000
[tr] step 1029/2594 loss 8.8125000000 lr 0.0030000000
[tr] step 1030/2594 loss 8.5000000000 lr 0.0030000000
[tr] step 1031/2594 loss 8.8125000000 lr 0.0030000000
[tr] step 1032/2594 loss 8.7500000000 lr 0.0030000000
[tr] step 1033/2594 loss 8.5000000000 lr 0.0030000000
[tr] step 1034/2594 loss 8.6875000000 lr 0.0030000000
[tr] step 1035/2594 loss 8.6875000000 lr 0.0030000000
[tr] step 1036/2594 loss 8.5625000000 lr 0.0030000000
[tr] step 1037/2594 loss 8.2500000000 lr 0.0030000000
[tr] step 1038/2594 loss 8.5000000000 lr 0.0030000000
[tr] step 1039/2594 loss 8.5625000000 lr 0.0030000000
[tr] step 1040/2594 loss 8.8125000000 lr 0.0030000000
[tr] step 1041/2594 loss 8.5625000000 lr 0.0030000000
[tr] step 1042/2594 loss 8.5000000000 lr 0.0030000000
[tr] step 1043/2594 loss 8.6250000000 lr 0.0030000000
[tr] step 1044/2594 loss 8.6250000000 lr 0.0030000000
[tr] step 1045/2594 loss 8.6250000000 lr 0.0030000000
[tr] step 1046/2594 loss 8.7500000000 lr 0.0030000000
[tr] step 1047/2594 loss 8.8125000000 lr 0.0030000000
[tr] step 1048/2594 loss 8.5625000000 lr 0.0030000000
[tr] step 1049/2594 loss 8.6250000000 lr 0.0030000000
[tr] step 1050/2594 loss 8.8125000000 lr 0.0030000000
[tr] step 1051/2594 loss 8.5000000000 lr 0.0030000000
[tr] step 1052/2594 loss 8.6875000000 lr 0.0030000000
[tr] step 1053/2594 loss 8.8750000000 lr 0.0030000000
[tr] step 1054/2594 loss 8.5000000000 lr 0.0030000000
[tr] step 1055/2594 loss 8.6875000000 lr 0.0030000000
[tr] step 1056/2594 loss 8.6250000000 lr 0.0030000000
[tr] step 1057/2594 loss 8.6250000000 lr 0.0030000000
[tr] step 1058/2594 loss 8.6250000000 lr 0.0030000000
[tr] step 1059/2594 loss 8.3125000000 lr 0.0030000000
[tr] step 1060/2594 loss 8.3125000000 lr 0.0030000000
[tr] step 1061/2594 loss 8.5000000000 lr 0.0030000000
[tr] step 1062/2594 loss 8.5000000000 lr 0.0030000000
[tr] step 1063/2594 loss 8.5000000000 lr 0.0030000000
